0 info it worked if it ends with ok
1 verbose cli [ 'F:\\Node.js\\node.exe',
1 verbose cli   'F:\\Node.js\\node_modules\\npm\\bin\\npm-cli.js',
1 verbose cli   'start' ]
2 info using npm@3.10.10
3 info using node@v6.9.5
4 verbose run-script [ 'prestart', 'start', 'poststart' ]
5 info lifecycle myserver@0.0.0~prestart: myserver@0.0.0
6 silly lifecycle myserver@0.0.0~prestart: no script for prestart, continuing
7 info lifecycle myserver@0.0.0~start: myserver@0.0.0
8 verbose lifecycle myserver@0.0.0~start: unsafe-perm in lifecycle true
9 verbose lifecycle myserver@0.0.0~start: PATH: F:\Node.js\node_modules\npm\bin\node-gyp-bin;D:\Git2\shallow-server\myserver\node_modules\.bin;C:\ProgramData\Oracle\Java\javapath;C:\Program Files (x86)\NVIDIA Corporation\PhysX\Common;C:\Program Files (x86)\Lenovo\FusionEngine;C:\Program Files (x86)\Intel\iCLS Client\;C:\Program Files\Intel\iCLS Client\;C:\windows\system32;C:\windows;C:\windows\System32\Wbem;C:\windows\System32\WindowsPowerShell\v1.0\;C:\Program Files\Intel\Intel(R) Management Engine Components\DAL;C:\Program Files (x86)\Intel\Intel(R) Management Engine Components\DAL;C:\Program Files\Intel\Intel(R) Management Engine Components\IPT;C:\Program Files (x86)\Intel\Intel(R) Management Engine Components\IPT;C:\Program Files (x86)\ATI Technologies\ATI.ACE\Core-Static;C:\Program Files\Intel\WiFi\bin\;C:\Program Files\Common Files\Intel\WirelessCommon\;C:\Program Files (x86)\iFLYTEK\VoiceAssistant\SpeechPlusRuntime;C:\Program Files (x86)\Lenovo\Voice SDK;C:\Program Files\Microsoft SQL Server\110\Tools\Binn\;C:\Program Files\Microsoft SQL Server\120\Tools\Binn\;F:\JAVA\JAVA SE\bin;C:\Go\bin;C:\Program Files\MySQL\MySQL Server 5.1\bin;C:\windows\system32\config\systemprofile\.dnx\bin;C:\Program Files\Microsoft DNX\Dnvm\;C:\Program Files (x86)\Windows Kits\8.1\Windows Performance Toolkit\;F:\python\Python;F:\XAMPPP\mysql\bin;F:\Node.js\;F:\MongoDB\bin;F:\git\Git\cmd;F:\PythonInstall;F:\PythonInstall\Scripts;F:\PythonInstall\Library\bin;F:\VS2015\VC\bin;C:\Users\lenovo\AppData\Roaming\npm;F:\MongoDB\bin;
10 verbose lifecycle myserver@0.0.0~start: CWD: D:\Git2\shallow-server\myserver
11 silly lifecycle myserver@0.0.0~start: Args: [ '/d /s /c', 'node ./bin/www' ]
12 verbose stack Error: kill ENOSYS
12 verbose stack     at exports._errnoException (util.js:1022:11)
12 verbose stack     at process.kill (internal/process.js:172:13)
12 verbose stack     at process.listener (F:\Node.js\node_modules\npm\node_modules\npmlog\node_modules\gauge\node_modules\signal-exit\index.js:86:15)
12 verbose stack     at emitNone (events.js:91:20)
12 verbose stack     at process.emit (events.js:185:7)
12 verbose stack     at processEmit (F:\Node.js\node_modules\npm\node_modules\npmlog\node_modules\gauge\node_modules\signal-exit\index.js:146:32)
12 verbose stack     at processEmit (F:\Node.js\node_modules\npm\node_modules\npm-registry-client\node_modules\npmlog\node_modules\gauge\node_modules\signal-exit\index.js:146:32)
12 verbose stack     at Signal.wrap.onsignal (internal/process.js:199:44)
13 verbose cwd D:\Git2\shallow-server\myserver
14 error Windows_NT 6.3.9600
15 error argv "F:\\Node.js\\node.exe" "F:\\Node.js\\node_modules\\npm\\bin\\npm-cli.js" "start"
16 error node v6.9.5
17 error npm  v3.10.10
18 error code ENOSYS
19 error errno ENOSYS
20 error syscall kill
21 error kill ENOSYS
22 error If you need help, you may report this error at:
22 error     <https://github.com/npm/npm/issues>
23 verbose exit [ 1, true ]
